<?xml version="1.0" encoding="UTF-8"?>
<!-- Generated by org.testng.reporters.JUnitXMLReporter -->
<testsuite hostname="IN01LAP00082" ignored="0" name="ChromeTest" tests="3" failures="0" timestamp="17 Dec 2018 04:26:35 GMT" time="27.606" errors="0">
  <testcase name="verifyLoginPageLogo" time="0.094" classname="pageTestsLibrary.LoginPageTests"/>
  <testcase name="loginWithValidCredentials" time="3.173" classname="pageTestsLibrary.LoginPageTests"/>
  <testcase name="loginWithInvalidCredentials" time="1.359" classname="pageTestsLibrary.LoginPageTests"/>
</testsuite> <!-- ChromeTest -->
