<?xml version="1.0" encoding="UTF-8"?>
<testng-results skipped="0" failed="0" ignored="0" total="3" passed="3">
  <reporter-output>
  </reporter-output>
  <suite name="Suite" duration-ms="27606" started-at="2018-12-17T04:26:07Z" finished-at="2018-12-17T04:26:34Z">
    <groups>
    </groups>
    <test name="ChromeTest" duration-ms="27606" started-at="2018-12-17T04:26:07Z" finished-at="2018-12-17T04:26:34Z">
      <class name="pageTestsLibrary.LoginPageTests">
        <test-method status="PASS" signature="testInitializer(java.lang.String)[pri:0, instance:pageTestsLibrary.LoginPageTests@14bf9759]" name="testInitializer" is-config="true" duration-ms="7764" started-at="2018-12-17T09:56:07Z" finished-at="2018-12-17T09:56:15Z">
          <params>
            <param index="0">
              <value>
                <![CDATA[chrome]]>
              </value>
            </param>
          </params>
          <reporter-output>
          </reporter-output>
        </test-method> <!-- testInitializer -->
        <test-method status="PASS" signature="verifyLoginPageLogo()[pri:1, instance:pageTestsLibrary.LoginPageTests@14bf9759]" name="verifyLoginPageLogo" duration-ms="94" started-at="2018-12-17T09:56:15Z" finished-at="2018-12-17T09:56:15Z">
          <reporter-output>
          </reporter-output>
        </test-method> <!-- verifyLoginPageLogo -->
        <test-method status="PASS" signature="testClosure()[pri:0, instance:pageTestsLibrary.LoginPageTests@14bf9759]" name="testClosure" is-config="true" duration-ms="578" started-at="2018-12-17T09:56:15Z" finished-at="2018-12-17T09:56:15Z">
          <reporter-output>
          </reporter-output>
        </test-method> <!-- testClosure -->
        <test-method status="PASS" signature="testInitializer(java.lang.String)[pri:0, instance:pageTestsLibrary.LoginPageTests@14bf9759]" name="testInitializer" is-config="true" duration-ms="7328" started-at="2018-12-17T09:56:15Z" finished-at="2018-12-17T09:56:23Z">
          <params>
            <param index="0">
              <value>
                <![CDATA[chrome]]>
              </value>
            </param>
          </params>
          <reporter-output>
          </reporter-output>
        </test-method> <!-- testInitializer -->
        <test-method status="PASS" signature="loginWithValidCredentials()[pri:2, instance:pageTestsLibrary.LoginPageTests@14bf9759]" name="loginWithValidCredentials" duration-ms="3173" started-at="2018-12-17T09:56:23Z" finished-at="2018-12-17T09:56:26Z">
          <reporter-output>
          </reporter-output>
        </test-method> <!-- loginWithValidCredentials -->
        <test-method status="PASS" signature="testClosure()[pri:0, instance:pageTestsLibrary.LoginPageTests@14bf9759]" name="testClosure" is-config="true" duration-ms="231" started-at="2018-12-17T09:56:26Z" finished-at="2018-12-17T09:56:26Z">
          <reporter-output>
          </reporter-output>
        </test-method> <!-- testClosure -->
        <test-method status="PASS" signature="testInitializer(java.lang.String)[pri:0, instance:pageTestsLibrary.LoginPageTests@14bf9759]" name="testInitializer" is-config="true" duration-ms="6798" started-at="2018-12-17T09:56:26Z" finished-at="2018-12-17T09:56:33Z">
          <params>
            <param index="0">
              <value>
                <![CDATA[chrome]]>
              </value>
            </param>
          </params>
          <reporter-output>
          </reporter-output>
        </test-method> <!-- testInitializer -->
        <test-method status="PASS" signature="loginWithInvalidCredentials()[pri:3, instance:pageTestsLibrary.LoginPageTests@14bf9759]" name="loginWithInvalidCredentials" duration-ms="1359" started-at="2018-12-17T09:56:33Z" finished-at="2018-12-17T09:56:34Z">
          <reporter-output>
          </reporter-output>
        </test-method> <!-- loginWithInvalidCredentials -->
        <test-method status="PASS" signature="testClosure()[pri:0, instance:pageTestsLibrary.LoginPageTests@14bf9759]" name="testClosure" is-config="true" duration-ms="234" started-at="2018-12-17T09:56:34Z" finished-at="2018-12-17T09:56:34Z">
          <reporter-output>
          </reporter-output>
        </test-method> <!-- testClosure -->
      </class> <!-- pageTestsLibrary.LoginPageTests -->
    </test> <!-- ChromeTest -->
  </suite> <!-- Suite -->
</testng-results>
